24-11-02 21:10:39 | New ./outputs/zkl-fscl/class-mtl/fea_gr05-buffer50/logs/train-20241102-211039.log.
24-11-02 21:10:39 | Save ./outputs/zkl-fscl/class-mtl/fea_gr05-buffer50/configs/train.yaml.
24-11-02 21:10:39 | Args: 
{'alpha': 1,
 'base_pretrain_model_path': 'weights/class-mtl05.pth',
 'batch_num': 1,
 'batch_size': 5,
 'batch_size_non_default': True,
 'beta': 1,
 'buffer_size': 50,
 'buffer_size_non_default': True,
 'config': './configs/mtl_zkl.yaml',
 'config_non_default': True,
 'dataset': 'class-mtl',
 'dataset_args': {'data_root': '/home/zkl/Documents/Data/AQA/Sequence/MTL-AQA/new',
                  'frame_length': 103,
                  'label_path': '/home/zkl/Documents/Data/AQA/Sequence/MTL-AQA/info/final_annotations_dict_with_dive_number.pkl',
                  'temporal_shift': [-3, 3],
                  'test_split': '/home/zkl/Documents/Data/AQA/Sequence/MTL-AQA/info/test_split_0.pkl',
                  'train_split': '/home/zkl/Documents/Data/AQA/Sequence/MTL-AQA/info/train_split_0.pkl',
                  'usingDD': False},
 'dataset_non_default': True,
 'debug_mode': False,
 'disable_log': False,
 'e_lambda': 1,
 'exp_dir': './outputs/zkl-fscl/class-mtl/fea_gr05-buffer50',
 'exp_name': 'fea_gr05-buffer50',
 'feature_extractor': 'backbone.I3D_backbone.I3D_backbone',
 'feature_extractor_args': {'I3D_ckpt_path': './weights/model_rgb.pth',
                            'I3D_class': 400},
 'fewshot': True,
 'fewshot_non_default': True,
 'gamma': 1,
 'gpus': [2, 3],
 'gpus_non_default': True,
 'ignore_other_metrics': False,
 'local_rank': 0,
 'log_dir': './outputs/zkl-fscl/class-mtl/fea_gr05-buffer50/logs',
 'log_file': './outputs/zkl-fscl/class-mtl/fea_gr05-buffer50/logs/train-20241102-211039.log',
 'logging': <Logger MAGR-github (INFO)>,
 'lr': 0.0001,
 'minibatch_size': 3,
 'minibatch_size_non_default': True,
 'model': 'fea_gr',
 'model_non_default': True,
 'n_epochs': 50,
 'n_epochs_non_default': True,
 'n_tasks': 5,
 'n_tasks_non_default': True,
 'noise_level': 10,
 'non_verbose': False,
 'num_samples_per_task': 20,
 'num_workers': 16,
 'optim_mom': 0.0,
 'optim_nesterov': 0,
 'optim_wd': 0.0,
 'output_device': device(type='cuda', index=0),
 'phase': 'train',
 'pretrain': True,
 'pretrain_non_default': True,
 'proj_name': 'MAGR-github',
 'projector': 'backbone.Projector.Projector',
 'projector_args': {'in_channels': 1024},
 'regressor': 'backbone.DAE.DAE',
 'regressor_args': {'in_channels': 1024, 'out_channels': 1},
 'seed': 1024,
 'timestamp': '20241102-211039',
 'user': 'zkl',
 'validation': False,
 'weight_decay': 1e-05,
 'weight_path': './outputs/zkl-fscl/class-mtl/fea_gr05-buffer50/weights/best.pth',
 'weight_save_path': './outputs/zkl-fscl/class-mtl/fea_gr05-buffer50/weights/weight.pth'}
24-11-02 21:10:39 | Initialize seed with 1024
24-11-02 21:10:39 | Load dataset: class-mtl (class-il)
24-11-02 21:10:39 | Load model: fea_gr (12,287,264 + 295,554)
24-11-02 21:10:40 | No pretrained model found at ./outputs/zkl-fscl/class-mtl/fea_gr05-buffer50/weights/best.pth.
24-11-02 21:10:58 | Evaluate T01, 254 samples, rho:-14.72 %, p: 0.0189, L2: 4587.34, RL2:    49.36
24-11-02 21:11:02 | Evaluate T02,  20 samples, rho: 33.17 %, p: 0.1531, L2: 1283.69, RL2:    60.67
24-11-02 21:11:02 |       T01-02, 274 samples, rho:-17.94 %, p: 0.0029, L2: 4346.20, RL2:    39.80
24-11-02 21:11:07 | Evaluate T03,  20 samples, rho:-54.55 %, p: 0.0129, L2: 3179.73, RL2:  2884.11
24-11-02 21:11:07 |       T01-03, 294 samples, rho:-17.13 %, p: 0.0032, L2: 4266.84, RL2:    39.07
24-11-02 21:11:13 | Evaluate T04,  20 samples, rho:-30.65 %, p: 0.1887, L2: 4695.55, RL2: 11463.75
24-11-02 21:11:13 |       T01-04, 314 samples, rho:-17.09 %, p: 0.0024, L2: 4294.15, RL2:    39.32
24-11-02 21:11:18 | Evaluate T05,  20 samples, rho: 10.26 %, p: 0.6667, L2: 5552.86, RL2: 19042.74
24-11-02 21:11:18 |       T01-05, 334 samples, rho:-16.33 %, p: 0.0028, L2: 4369.52, RL2:    40.01
24-11-02 21:11:23 | Evaluate T06,  20 samples, rho: 36.49 %, p: 0.1136, L2: 7098.20, RL2:  8478.24
24-11-02 21:11:23 |       T01-06, 354 samples, rho:-15.17 %, p: 0.0042, L2: 4523.69, RL2:    41.42
24-11-02 21:11:23 | ------------| Task 01 |-------------
24-11-02 21:11:24 | Load pretrained model state from weights/class-mtl05.pth.
24-11-02 21:11:24 | The current metrics: 
{'L2': 58.307181732578684,
 'RL2': 0.6274339040798483,
 'p': 5.984641491377956e-97,
 'rho': 90.75673367941981}
24-11-02 21:11:24 | Learning slowly ...
24-11-02 21:11:24 | Current task 1 - select 10 samples
24-11-02 21:13:06 | Task 1 has 10 samples in the buffer.
24-11-02 21:13:25 | Evaluate T01, 254 samples, rho: 90.44 %, p: 0.0000, L2: 7905.65, RL2:    85.07
24-11-02 21:13:25 | Rho: 90.44 %
24-11-02 21:13:25 | Rho (overall): 90.44 %
24-11-02 21:13:26 | ------------| Task 02 |-------------
24-11-02 21:13:30 | Evaluate T02,  20 samples, rho: 45.81 %, p: 0.0422, L2: 3013.58, RL2:   142.42
24-11-02 21:18:58 | Current task 2 - select 10 samples
24-11-02 21:19:07 | Task 1 has 10 samples in the buffer.
24-11-02 21:19:07 | Task 2 has 10 samples in the buffer.
24-11-02 21:19:25 | Evaluate T01, 254 samples, rho: 86.95 %, p: 0.0000, L2:  209.19, RL2:     2.25
24-11-02 21:19:29 | Evaluate T02,  20 samples, rho:-29.86 %, p: 0.2010, L2:  217.87, RL2:    10.30
24-11-02 21:19:29 |       T01-02, 274 samples, rho: 86.94 %, p: 0.0000, L2:  209.82, RL2:     1.92
24-11-02 21:19:29 | Rho: 28.55 %
24-11-02 21:19:29 | Rho (overall): 86.94 %
24-11-02 21:19:30 | ------------| Task 03 |-------------
24-11-02 21:19:35 | Evaluate T03,  20 samples, rho:-16.70 %, p: 0.4815, L2:  144.20, RL2:   130.80
24-11-02 21:25:10 | Current task 3 - select 10 samples
24-11-02 21:25:21 | Task 1 has 10 samples in the buffer.
24-11-02 21:25:21 | Task 2 has 10 samples in the buffer.
24-11-02 21:25:21 | Task 3 has 10 samples in the buffer.
24-11-02 21:25:39 | Evaluate T01, 254 samples, rho: 54.15 %, p: 0.0000, L2:  243.30, RL2:     2.62
24-11-02 21:25:44 | Evaluate T02,  20 samples, rho:-40.84 %, p: 0.0738, L2: 1061.23, RL2:    50.15
24-11-02 21:25:44 |       T01-02, 274 samples, rho: 48.81 %, p: 0.0000, L2:  303.00, RL2:     2.77
24-11-02 21:25:49 | Evaluate T03,  20 samples, rho:-36.27 %, p: 0.1160, L2:   57.88, RL2:    52.49
24-11-02 21:25:49 |       T01-03, 294 samples, rho: 47.58 %, p: 0.0000, L2:  286.33, RL2:     2.62
24-11-02 21:25:49 | Rho: -7.65 %
24-11-02 21:25:49 | Rho (overall): 47.58 %
24-11-02 21:25:50 | ------------| Task 04 |-------------
