24-11-02 10:57:00 | New ./outputs/zkl-fscl/class-mtl/fea_gr05-buffer50/logs/train-20241102-105700.log.
24-11-02 10:57:00 | Save ./outputs/zkl-fscl/class-mtl/fea_gr05-buffer50/configs/train.yaml.
24-11-02 10:57:00 | Args: 
{'alpha': 1,
 'base_pretrain_model_path': 'weights/class-mtl05.pth',
 'batch_num': 1,
 'batch_size': 5,
 'batch_size_non_default': True,
 'beta': 1,
 'buffer_size': 50,
 'buffer_size_non_default': True,
 'config': './configs/seven_zkl.yaml',
 'config_non_default': True,
 'dataset': 'class-mtl',
 'dataset_args': {'class_idx': 1,
                  'data_root': '/home/zkl/Documents/Data/AQA/Sequence/AQA-7',
                  'frame_length': 103,
                  'score_range': 100,
                  'temporal_shift': [-3, 3]},
 'dataset_non_default': True,
 'debug_mode': False,
 'disable_log': False,
 'e_lambda': 1,
 'exp_dir': './outputs/zkl-fscl/class-mtl/fea_gr05-buffer50',
 'exp_name': 'fea_gr05-buffer50',
 'feature_extractor': 'backbone.I3D_backbone.I3D_backbone',
 'feature_extractor_args': {'I3D_ckpt_path': './weights/model_rgb.pth',
                            'I3D_class': 400},
 'fewshot': True,
 'fewshot_non_default': True,
 'gamma': 1,
 'gpus': [2, 3],
 'ignore_other_metrics': False,
 'local_rank': 0,
 'log_dir': './outputs/zkl-fscl/class-mtl/fea_gr05-buffer50/logs',
 'log_file': './outputs/zkl-fscl/class-mtl/fea_gr05-buffer50/logs/train-20241102-105700.log',
 'logging': <Logger MAGR-github (INFO)>,
 'lr': 0.0001,
 'minibatch_size': 2,
 'minibatch_size_non_default': True,
 'model': 'fea_gr',
 'model_non_default': True,
 'n_epochs': 50,
 'n_epochs_non_default': True,
 'n_tasks': 5,
 'n_tasks_non_default': True,
 'noise_level': 10,
 'non_verbose': False,
 'num_samples_per_task': 20,
 'num_workers': 16,
 'optim_mom': 0.0,
 'optim_nesterov': 0,
 'optim_wd': 0.0,
 'output_device': device(type='cuda', index=0),
 'phase': 'train',
 'pretrain': True,
 'pretrain_non_default': True,
 'proj_name': 'MAGR-github',
 'projector': 'backbone.Projector.Projector',
 'projector_args': {'in_channels': 1024},
 'regressor': 'backbone.DAE.DAE',
 'regressor_args': {'in_channels': 1024, 'out_channels': 1},
 'seed': 1024,
 'timestamp': '20241102-105700',
 'user': 'zkl',
 'validation': False,
 'weight_decay': 1e-05,
 'weight_path': './outputs/zkl-fscl/class-mtl/fea_gr05-buffer50/weights/best.pth',
 'weight_save_path': './outputs/zkl-fscl/class-mtl/fea_gr05-buffer50/weights/weight.pth'}
24-11-02 10:57:00 | Initialize seed with 1024
