24-11-05 11:03:59 | New ./outputs/zkl-fscl/class-mtl/fea_gr05-buffer50/logs/train-20241105-110359.log.
24-11-05 11:03:59 | Save ./outputs/zkl-fscl/class-mtl/fea_gr05-buffer50/configs/train.yaml.
24-11-05 11:03:59 | Args: 
{'alpha': 1,
 'base_pretrain': True,
 'base_pretrain_model_path': 'weights/class-mtl05.pth',
 'base_pretrain_non_default': True,
 'batch_num': 1,
 'batch_size': 5,
 'batch_size_non_default': True,
 'beta': 1,
 'buffer_size': 50,
 'buffer_size_non_default': True,
 'config': './configs/mtl.yaml',
 'config_non_default': True,
 'dataset': 'class-mtl',
 'dataset_args': {'data_root': '/home/zkl/Documents/Data/AQA/Sequence/MTL-AQA/new',
                  'frame_length': 103,
                  'label_path': '/home/zkl/Documents/Data/AQA/Sequence/MTL-AQA/info/final_annotations_dict_with_dive_number.pkl',
                  'temporal_shift': [-3, 3],
                  'test_split': '/home/zkl/Documents/Data/AQA/Sequence/MTL-AQA/info/test_split_0.pkl',
                  'train_split': '/home/zkl/Documents/Data/AQA/Sequence/MTL-AQA/info/train_split_0.pkl',
                  'usingDD': False},
 'dataset_non_default': True,
 'debug_mode': False,
 'disable_log': False,
 'e_lambda': 1,
 'exp_dir': './outputs/zkl-fscl/class-mtl/fea_gr05-buffer50',
 'exp_name': 'fea_gr05-buffer50',
 'feature_extractor': 'backbone.I3D_backbone.I3D_backbone',
 'feature_extractor_args': {'I3D_ckpt_path': './weights/model_rgb.pth',
                            'I3D_class': 400},
 'fewshot': True,
 'fewshot_non_default': True,
 'gamma': 1,
 'gpus': [2, 3],
 'gpus_non_default': True,
 'ignore_other_metrics': False,
 'local_rank': 0,
 'log_dir': './outputs/zkl-fscl/class-mtl/fea_gr05-buffer50/logs',
 'log_file': './outputs/zkl-fscl/class-mtl/fea_gr05-buffer50/logs/train-20241105-110359.log',
 'logging': <Logger MAGR-github (INFO)>,
 'lr': 0.0001,
 'minibatch_size': 3,
 'minibatch_size_non_default': True,
 'model': 'fea_gr',
 'model_non_default': True,
 'n_epochs': 50,
 'n_epochs_non_default': True,
 'n_tasks': 5,
 'n_tasks_non_default': True,
 'noise_level': 10,
 'non_verbose': False,
 'num_samples_per_task': 20,
 'num_workers': 16,
 'optim_mom': 0.0,
 'optim_nesterov': 0,
 'optim_wd': 0.0,
 'output_device': device(type='cuda', index=0),
 'phase': 'train',
 'pretrain': False,
 'proj_name': 'MAGR-github',
 'projector': 'backbone.Projector.Projector',
 'projector_args': {'in_channels': 1024},
 'regressor': 'backbone.DAE.DAE',
 'regressor_args': {'in_channels': 1024, 'out_channels': 1},
 'seed': 1024,
 'timestamp': '20241105-110359',
 'user': 'zkl',
 'validation': False,
 'weight_decay': 1e-05,
 'weight_path': None,
 'weight_save_path': './outputs/zkl-fscl/class-mtl/fea_gr05-buffer50/weights/weight.pth'}
24-11-05 11:03:59 | Initialize seed with 1024
24-11-05 11:03:59 | Load dataset: class-mtl (class-il)
24-11-05 11:03:59 | Load model: fea_gr (12,287,264 + 295,554)
24-11-05 11:04:21 | Evaluate T01, 254 samples, rho:  1.62 %, p: 0.7966, L2: 4728.30, RL2:    50.88
24-11-05 11:04:25 | Evaluate T02,  20 samples, rho: -0.15 %, p: 0.9950, L2: 1372.39, RL2:    64.86
24-11-05 11:04:25 |       T01-02, 274 samples, rho:  1.46 %, p: 0.8093, L2: 4483.34, RL2:    41.06
24-11-05 11:04:31 | Evaluate T03,  20 samples, rho: 10.68 %, p: 0.6539, L2: 3317.36, RL2:  3008.94
24-11-05 11:04:31 |       T01-03, 294 samples, rho:  2.42 %, p: 0.6797, L2: 4404.02, RL2:    40.33
24-11-05 11:04:36 | Evaluate T04,  20 samples, rho: -4.86 %, p: 0.8389, L2: 4806.68, RL2: 11735.06
24-11-05 11:04:36 |       T01-04, 314 samples, rho:  2.87 %, p: 0.6126, L2: 4429.67, RL2:    40.56
24-11-05 11:04:42 | Evaluate T05,  20 samples, rho: 30.19 %, p: 0.1958, L2: 5721.25, RL2: 19620.21
24-11-05 11:04:42 |       T01-05, 334 samples, rho:  2.63 %, p: 0.6316, L2: 4507.01, RL2:    41.27
24-11-05 11:04:47 | Evaluate T06,  20 samples, rho: -7.10 %, p: 0.7660, L2: 7258.72, RL2:  8669.98
24-11-05 11:04:47 |       T01-06, 354 samples, rho:  2.80 %, p: 0.5989, L2: 4662.47, RL2:    42.70
24-11-05 11:04:47 | ------------| Task 01 |-------------
24-11-05 11:04:48 | Load pretrained model state from weights/class-mtl05.pth.
24-11-05 11:04:48 | The current metrics: 
{'L2': 58.307181732578684,
 'RL2': 0.6274339040798483,
 'p': 5.984641491377956e-97,
 'rho': 90.75673367941981}
24-11-05 11:04:48 | Learning slowly ...
24-11-05 11:04:48 | Current task 1 - select 10 samples
24-11-05 11:06:37 | Task 1 has 10 samples in the buffer.
24-11-05 11:06:58 | Evaluate T01, 254 samples, rho: 87.05 %, p: 0.0000, L2:   80.53, RL2:     0.87
24-11-05 11:06:58 | Rho: 87.05 %
24-11-05 11:06:58 | Rho (overall): 87.05 %
24-11-05 11:06:59 | ------------| Task 02 |-------------
24-11-05 11:07:04 | Evaluate T02,  20 samples, rho: 43.40 %, p: 0.0559, L2:  173.67, RL2:     8.21
