24-11-06 10:10:18 | New ./outputs/zkl-fscl/class-mtl/fea_gr05-buffer50/logs/train-20241106-101018.log.
24-11-06 10:10:18 | Save ./outputs/zkl-fscl/class-mtl/fea_gr05-buffer50/configs/train.yaml.
24-11-06 10:10:18 | Args: 
{'alpha': 1,
 'base_pretrain': True,
 'base_pretrain_model_path': 'weights/class-mtl05.pth',
 'base_pretrain_non_default': True,
 'batch_num': 1,
 'batch_size': 5,
 'batch_size_non_default': True,
 'beta': 1,
 'buffer_size': 50,
 'buffer_size_non_default': True,
 'config': './configs/mtl.yaml',
 'config_non_default': True,
 'dataset': 'class-mtl',
 'dataset_args': {'data_root': '/home/zkl/Documents/Data/AQA/Sequence/MTL-AQA/new',
                  'frame_length': 103,
                  'label_path': '/home/zkl/Documents/Data/AQA/Sequence/MTL-AQA/info/final_annotations_dict_with_dive_number.pkl',
                  'temporal_shift': [-3, 3],
                  'test_split': '/home/zkl/Documents/Data/AQA/Sequence/MTL-AQA/info/test_split_0.pkl',
                  'train_split': '/home/zkl/Documents/Data/AQA/Sequence/MTL-AQA/info/train_split_0.pkl',
                  'usingDD': False},
 'dataset_non_default': True,
 'debug_mode': False,
 'disable_log': False,
 'e_lambda': 1,
 'exp_dir': './outputs/zkl-fscl/class-mtl/fea_gr05-buffer50',
 'exp_name': 'fea_gr05-buffer50',
 'feature_extractor': 'backbone.I3D_backbone.I3D_backbone',
 'feature_extractor_args': {'I3D_ckpt_path': './weights/model_rgb.pth',
                            'I3D_class': 400},
 'fewshot': True,
 'fewshot_non_default': True,
 'gamma': 1,
 'gpus': [2, 3],
 'gpus_non_default': True,
 'ignore_other_metrics': False,
 'local_rank': 0,
 'log_dir': './outputs/zkl-fscl/class-mtl/fea_gr05-buffer50/logs',
 'log_file': './outputs/zkl-fscl/class-mtl/fea_gr05-buffer50/logs/train-20241106-101018.log',
 'logging': <Logger MAGR-github (INFO)>,
 'lr': 0.0001,
 'minibatch_size': 3,
 'minibatch_size_non_default': True,
 'model': 'fea_gr',
 'model_non_default': True,
 'n_epochs': 50,
 'n_epochs_non_default': True,
 'n_tasks': 5,
 'n_tasks_non_default': True,
 'noise_level': 10,
 'non_verbose': False,
 'num_samples_per_task': 20,
 'num_workers': 16,
 'optim_mom': 0.0,
 'optim_nesterov': 0,
 'optim_wd': 0.0,
 'output_device': device(type='cuda', index=0),
 'phase': 'train',
 'pretrain': False,
 'proj_name': 'MAGR-github',
 'projector': 'backbone.Projector.Projector',
 'projector_args': {'in_channels': 1024},
 'regressor': 'backbone.DAE.DAE',
 'regressor_args': {'in_channels': 1024, 'out_channels': 1},
 'seed': 1024,
 'timestamp': '20241106-101018',
 'user': 'zkl',
 'validation': False,
 'weight_decay': 1e-05,
 'weight_path': None,
 'weight_save_path': './outputs/zkl-fscl/class-mtl/fea_gr05-buffer50/weights/weight.pth'}
24-11-06 10:10:18 | Initialize seed with 1024
24-11-06 10:10:18 | Load dataset: class-mtl (class-il)
24-11-06 10:10:18 | Load model: fea_gr (12,287,264 + 295,554)
24-11-06 10:10:37 | Evaluate T01, 254 samples, rho:  1.62 %, p: 0.7966, L2: 4728.30, RL2:    50.88
24-11-06 10:10:41 | Evaluate T02,  20 samples, rho: -0.15 %, p: 0.9950, L2: 1372.39, RL2:    64.86
24-11-06 10:10:41 |       T01-02, 274 samples, rho:  1.46 %, p: 0.8093, L2: 4483.34, RL2:    41.06
24-11-06 10:10:46 | Evaluate T03,  20 samples, rho: 10.68 %, p: 0.6539, L2: 3317.36, RL2:  3008.94
24-11-06 10:10:46 |       T01-03, 294 samples, rho:  2.42 %, p: 0.6797, L2: 4404.02, RL2:    40.33
24-11-06 10:10:51 | Evaluate T04,  20 samples, rho: -4.86 %, p: 0.8389, L2: 4806.68, RL2: 11735.06
24-11-06 10:10:51 |       T01-04, 314 samples, rho:  2.87 %, p: 0.6126, L2: 4429.67, RL2:    40.56
24-11-06 10:10:56 | Evaluate T05,  20 samples, rho: 30.19 %, p: 0.1958, L2: 5721.25, RL2: 19620.21
24-11-06 10:10:56 |       T01-05, 334 samples, rho:  2.63 %, p: 0.6316, L2: 4507.01, RL2:    41.27
24-11-06 10:11:02 | Evaluate T06,  20 samples, rho: -7.10 %, p: 0.7660, L2: 7258.72, RL2:  8669.98
24-11-06 10:11:02 |       T01-06, 354 samples, rho:  2.80 %, p: 0.5989, L2: 4662.47, RL2:    42.70
24-11-06 10:11:02 | ------------| Task 01 |-------------
24-11-06 10:11:02 | Load pretrained model state from weights/class-mtl05.pth.
24-11-06 10:11:02 | The current metrics: 
{'L2': 58.307181732578684,
 'RL2': 0.6274339040798483,
 'p': 5.984641491377956e-97,
 'rho': 90.75673367941981}
24-11-06 10:11:02 | Learning slowly ...
24-11-06 10:11:02 | Current task 1 - select 10 samples
24-11-06 10:12:45 | Task 1 has 10 samples in the buffer.
24-11-06 10:13:13 | Evaluate T01, 254 samples, rho: 87.05 %, p: 0.0000, L2:   80.53, RL2:     0.87
24-11-06 10:13:14 | Rho: 87.05 %
24-11-06 10:13:14 | Rho (overall): 87.05 %
24-11-06 10:13:14 | ------------| Task 02 |-------------
24-11-06 10:13:20 | Evaluate T02,  20 samples, rho: 43.40 %, p: 0.0559, L2:  173.67, RL2:     8.21
24-11-06 10:18:46 | Current task 2 - select 10 samples
24-11-06 10:18:56 | Task 1 has 10 samples in the buffer.
24-11-06 10:18:56 | Task 2 has 10 samples in the buffer.
24-11-06 10:19:14 | Evaluate T01, 254 samples, rho: 90.63 %, p: 0.0000, L2:  159.86, RL2:     1.72
24-11-06 10:19:19 | Evaluate T02,  20 samples, rho: 32.19 %, p: 0.1663, L2:  111.85, RL2:     5.29
24-11-06 10:19:19 |       T01-02, 274 samples, rho: 91.47 %, p: 0.0000, L2:  156.36, RL2:     1.43
24-11-06 10:19:19 | Rho: 61.41 %
24-11-06 10:19:19 | Rho (overall): 91.47 %
24-11-06 10:19:20 | ------------| Task 03 |-------------
24-11-06 10:19:26 | Evaluate T03,  20 samples, rho:-10.84 %, p: 0.6493, L2:   84.01, RL2:    76.20
24-11-06 10:25:02 | Current task 3 - select 10 samples
24-11-06 10:25:12 | Task 1 has 10 samples in the buffer.
24-11-06 10:25:12 | Task 2 has 10 samples in the buffer.
24-11-06 10:25:12 | Task 3 has 10 samples in the buffer.
24-11-06 10:25:30 | Evaluate T01, 254 samples, rho: 89.77 %, p: 0.0000, L2:   79.13, RL2:     0.85
24-11-06 10:25:34 | Evaluate T02,  20 samples, rho: 44.30 %, p: 0.0504, L2:  168.10, RL2:     7.94
24-11-06 10:25:34 |       T01-02, 274 samples, rho: 90.96 %, p: 0.0000, L2:   85.62, RL2:     0.78
24-11-06 10:25:39 | Evaluate T03,  20 samples, rho:  4.82 %, p: 0.8402, L2:   41.16, RL2:    37.33
24-11-06 10:25:39 |       T01-03, 294 samples, rho: 90.64 %, p: 0.0000, L2:   82.60, RL2:     0.76
24-11-06 10:25:40 | Rho: 46.30 %
24-11-06 10:25:40 | Rho (overall): 90.64 %
24-11-06 10:25:40 | ------------| Task 04 |-------------
24-11-06 10:25:47 | Evaluate T04,  20 samples, rho: 21.55 %, p: 0.3615, L2:   44.22, RL2:   107.96
24-11-06 10:31:37 | Current task 4 - select 10 samples
24-11-06 10:31:48 | Task 1 has 10 samples in the buffer.
24-11-06 10:31:48 | Task 2 has 10 samples in the buffer.
24-11-06 10:31:48 | Task 3 has 10 samples in the buffer.
24-11-06 10:31:48 | Task 4 has 10 samples in the buffer.
24-11-06 10:32:05 | Evaluate T01, 254 samples, rho: 89.74 %, p: 0.0000, L2:   76.93, RL2:     0.83
24-11-06 10:32:10 | Evaluate T02,  20 samples, rho: 44.60 %, p: 0.0487, L2:  234.73, RL2:    11.09
24-11-06 10:32:10 |       T01-02, 274 samples, rho: 90.95 %, p: 0.0000, L2:   88.45, RL2:     0.81
24-11-06 10:32:15 | Evaluate T03,  20 samples, rho: 10.76 %, p: 0.6516, L2:   58.68, RL2:    53.22
24-11-06 10:32:15 |       T01-03, 294 samples, rho: 90.67 %, p: 0.0000, L2:   86.43, RL2:     0.79
24-11-06 10:32:20 | Evaluate T04,  20 samples, rho: 17.30 %, p: 0.4658, L2:   29.55, RL2:    72.14
24-11-06 10:32:20 |       T01-04, 314 samples, rho: 89.67 %, p: 0.0000, L2:   82.80, RL2:     0.76
24-11-06 10:32:20 | Rho: 40.60 %
24-11-06 10:32:20 | Rho (overall): 89.67 %
24-11-06 10:32:21 | ------------| Task 05 |-------------
24-11-06 10:32:27 | Evaluate T05,  20 samples, rho: -9.81 %, p: 0.6807, L2:   53.98, RL2:   185.11
24-11-06 10:38:23 | Current task 5 - select 10 samples
24-11-06 10:38:34 | Task 1 has 10 samples in the buffer.
24-11-06 10:38:34 | Task 2 has 10 samples in the buffer.
24-11-06 10:38:34 | Task 3 has 10 samples in the buffer.
24-11-06 10:38:34 | Task 4 has 10 samples in the buffer.
24-11-06 10:38:34 | Task 5 has 10 samples in the buffer.
24-11-06 10:38:52 | Evaluate T01, 254 samples, rho: 90.08 %, p: 0.0000, L2:   93.04, RL2:     1.00
24-11-06 10:38:56 | Evaluate T02,  20 samples, rho: 46.11 %, p: 0.0407, L2:  322.56, RL2:    15.24
24-11-06 10:38:56 |       T01-02, 274 samples, rho: 91.30 %, p: 0.0000, L2:  109.80, RL2:     1.01
24-11-06 10:39:01 | Evaluate T03,  20 samples, rho: 18.43 %, p: 0.4365, L2:  113.57, RL2:   103.01
24-11-06 10:39:01 |       T01-03, 294 samples, rho: 91.15 %, p: 0.0000, L2:  110.05, RL2:     1.01
24-11-06 10:39:07 | Evaluate T04,  20 samples, rho: 19.50 %, p: 0.4100, L2:   32.41, RL2:    79.14
24-11-06 10:39:07 |       T01-04, 314 samples, rho: 90.14 %, p: 0.0000, L2:  105.11, RL2:     0.96
24-11-06 10:39:12 | Evaluate T05,  20 samples, rho:-11.77 %, p: 0.6211, L2:   34.01, RL2:   116.63
24-11-06 10:39:12 |       T01-05, 334 samples, rho: 88.83 %, p: 0.0000, L2:  100.85, RL2:     0.92
24-11-06 10:39:12 | Rho: 32.47 %
24-11-06 10:39:12 | Rho (overall): 88.83 %
24-11-06 10:39:13 | ------------| Task 06 |-------------
24-11-06 10:39:19 | Evaluate T06,  20 samples, rho: 38.69 %, p: 0.0920, L2:   33.07, RL2:    39.50
24-11-06 10:45:19 | Evaluate T01, 254 samples, rho: 90.49 %, p: 0.0000, L2:  168.78, RL2:     1.82
24-11-06 10:45:23 | Evaluate T02,  20 samples, rho: 47.24 %, p: 0.0355, L2:  475.32, RL2:    22.46
24-11-06 10:45:23 |       T01-02, 274 samples, rho: 91.63 %, p: 0.0000, L2:  191.16, RL2:     1.75
24-11-06 10:45:28 | Evaluate T03,  20 samples, rho: 23.18 %, p: 0.3255, L2:  255.84, RL2:   232.05
24-11-06 10:45:28 |       T01-03, 294 samples, rho: 91.57 %, p: 0.0000, L2:  195.56, RL2:     1.79
24-11-06 10:45:33 | Evaluate T04,  20 samples, rho: 24.36 %, p: 0.3008, L2:  113.33, RL2:   276.67
24-11-06 10:45:33 |       T01-04, 314 samples, rho: 90.60 %, p: 0.0000, L2:  190.32, RL2:     1.74
24-11-06 10:45:39 | Evaluate T05,  20 samples, rho:-10.57 %, p: 0.6575, L2:   74.22, RL2:   254.51
24-11-06 10:45:39 |       T01-05, 334 samples, rho: 89.15 %, p: 0.0000, L2:  183.37, RL2:     1.68
24-11-06 10:45:44 | Evaluate T06,  20 samples, rho: 35.21 %, p: 0.1279, L2:   29.90, RL2:    35.71
24-11-06 10:45:44 |       T01-06, 354 samples, rho: 89.43 %, p: 0.0000, L2:  174.70, RL2:     1.60
24-11-06 10:45:44 | Rho: 34.98 %
24-11-06 10:45:44 | Rho (overall): 89.43 %
24-11-06 10:45:45 | Results: 
{'accs': [87.05167455882851,
          61.41237856611406,
          46.295665511905305,
          40.60133891098379,
          32.46945205202165,
          34.983018307631944],
 'accs_mask_classes': [0.0, 0.0, 0.0, 0.0, 0.0, 0.0],
 'bwt': 9.020429025638922,
 'bwt_mask_classes': 0.0,
 'forgetting': 2.1422825987084004,
 'forgetting_mask_classes': 0.0,
 'fullaccs': [[87.05167455882851],
              [90.63220126404148, 32.19255586818664],
              [89.76897186238368, 44.30237244477087, 4.815652228561365],
              [89.7424904105253,
               44.603237452884755,
               10.759972948191802,
               17.29965483233332],
              [90.07839828741785,
               46.10756249345423,
               18.434918687461476,
               19.500049525919575,
               -11.77366873414488],
              [90.48690123703976,
               47.23580627388133,
               23.175326349951572,
               24.356092987627175,
               -10.566112966540278,
               35.21009596383215]],
 'fullaccs_mask_classes': [[0.0],
                           [0.0, 0.0],
                           [0.0, 0.0, 0.0],
                           [0.0, 0.0, 0.0, 0.0],
                           [0.0, 0.0, 0.0, 0.0, -0.0],
                           [0.0, 0.0, 0.0, 0.0, -0.0, 0.0]],
 'fwt': 10.844590386277186,
 'fwt_mask_classes': 0.0}
