24-11-02 21:25:58 | New ./outputs/zkl-fscl/class-mtl/fea_gr05-buffer50/logs/train-20241102-212558.log.
24-11-02 21:25:58 | Save ./outputs/zkl-fscl/class-mtl/fea_gr05-buffer50/configs/train.yaml.
24-11-02 21:25:58 | Args: 
{'alpha': 1,
 'base_pretrain_model_path': 'weights/class-mtl05.pth',
 'batch_num': 1,
 'batch_size': 5,
 'batch_size_non_default': True,
 'beta': 1,
 'buffer_size': 50,
 'buffer_size_non_default': True,
 'config': './configs/mtl_zkl.yaml',
 'config_non_default': True,
 'dataset': 'class-mtl',
 'dataset_args': {'data_root': '/home/zkl/Documents/Data/AQA/Sequence/MTL-AQA/new',
                  'frame_length': 103,
                  'label_path': '/home/zkl/Documents/Data/AQA/Sequence/MTL-AQA/info/final_annotations_dict_with_dive_number.pkl',
                  'temporal_shift': [-3, 3],
                  'test_split': '/home/zkl/Documents/Data/AQA/Sequence/MTL-AQA/info/test_split_0.pkl',
                  'train_split': '/home/zkl/Documents/Data/AQA/Sequence/MTL-AQA/info/train_split_0.pkl',
                  'usingDD': False},
 'dataset_non_default': True,
 'debug_mode': False,
 'disable_log': False,
 'e_lambda': 1,
 'exp_dir': './outputs/zkl-fscl/class-mtl/fea_gr05-buffer50',
 'exp_name': 'fea_gr05-buffer50',
 'feature_extractor': 'backbone.I3D_backbone.I3D_backbone',
 'feature_extractor_args': {'I3D_ckpt_path': './weights/model_rgb.pth',
                            'I3D_class': 400},
 'fewshot': True,
 'fewshot_non_default': True,
 'gamma': 1,
 'gpus': [2, 3],
 'gpus_non_default': True,
 'ignore_other_metrics': False,
 'local_rank': 0,
 'log_dir': './outputs/zkl-fscl/class-mtl/fea_gr05-buffer50/logs',
 'log_file': './outputs/zkl-fscl/class-mtl/fea_gr05-buffer50/logs/train-20241102-212558.log',
 'logging': <Logger MAGR-github (INFO)>,
 'lr': 0.0001,
 'minibatch_size': 3,
 'minibatch_size_non_default': True,
 'model': 'fea_gr',
 'model_non_default': True,
 'n_epochs': 50,
 'n_epochs_non_default': True,
 'n_tasks': 5,
 'n_tasks_non_default': True,
 'noise_level': 10,
 'non_verbose': False,
 'num_samples_per_task': 20,
 'num_workers': 16,
 'optim_mom': 0.0,
 'optim_nesterov': 0,
 'optim_wd': 0.0,
 'output_device': device(type='cuda', index=0),
 'phase': 'train',
 'pretrain': True,
 'pretrain_non_default': True,
 'proj_name': 'MAGR-github',
 'projector': 'backbone.Projector.Projector',
 'projector_args': {'in_channels': 1024},
 'regressor': 'backbone.DAE.DAE',
 'regressor_args': {'in_channels': 1024, 'out_channels': 1},
 'seed': 1024,
 'timestamp': '20241102-212558',
 'user': 'zkl',
 'validation': False,
 'weight_decay': 1e-05,
 'weight_path': './outputs/zkl-fscl/class-mtl/fea_gr05-buffer50/weights/best.pth',
 'weight_save_path': './outputs/zkl-fscl/class-mtl/fea_gr05-buffer50/weights/weight.pth'}
24-11-02 21:25:58 | Initialize seed with 1024
24-11-02 21:25:58 | Load dataset: class-mtl (class-il)
24-11-02 21:25:58 | Load model: fea_gr (12,287,264 + 295,554)
24-11-02 21:25:59 | No pretrained model found at ./outputs/zkl-fscl/class-mtl/fea_gr05-buffer50/weights/best.pth.
24-11-02 21:26:17 | Evaluate T01, 254 samples, rho:-14.72 %, p: 0.0189, L2: 4587.34, RL2:    49.36
24-11-02 21:26:22 | Evaluate T02,  20 samples, rho: 33.17 %, p: 0.1531, L2: 1283.69, RL2:    60.67
24-11-02 21:26:22 |       T01-02, 274 samples, rho:-17.94 %, p: 0.0029, L2: 4346.20, RL2:    39.80
24-11-02 21:26:27 | Evaluate T03,  20 samples, rho:-54.55 %, p: 0.0129, L2: 3179.73, RL2:  2884.11
24-11-02 21:26:27 |       T01-03, 294 samples, rho:-17.13 %, p: 0.0032, L2: 4266.84, RL2:    39.07
24-11-02 21:26:32 | Evaluate T04,  20 samples, rho:-30.65 %, p: 0.1887, L2: 4695.55, RL2: 11463.75
24-11-02 21:26:32 |       T01-04, 314 samples, rho:-17.09 %, p: 0.0024, L2: 4294.15, RL2:    39.32
24-11-02 21:26:37 | Evaluate T05,  20 samples, rho: 10.26 %, p: 0.6667, L2: 5552.86, RL2: 19042.74
24-11-02 21:26:37 |       T01-05, 334 samples, rho:-16.33 %, p: 0.0028, L2: 4369.52, RL2:    40.01
24-11-02 21:26:43 | Evaluate T06,  20 samples, rho: 36.49 %, p: 0.1136, L2: 7098.20, RL2:  8478.24
24-11-02 21:26:43 |       T01-06, 354 samples, rho:-15.17 %, p: 0.0042, L2: 4523.69, RL2:    41.42
24-11-02 21:26:43 | ------------| Task 01 |-------------
24-11-02 21:26:43 | Load pretrained model state from weights/class-mtl05.pth.
24-11-02 21:26:43 | The current metrics: 
{'L2': 58.307181732578684,
 'RL2': 0.6274339040798483,
 'p': 5.984641491377956e-97,
 'rho': 90.75673367941981}
24-11-02 21:26:43 | Learning slowly ...
24-11-02 21:26:43 | Current task 1 - select 10 samples
24-11-02 21:28:25 | Task 1 has 10 samples in the buffer.
24-11-02 21:28:43 | Evaluate T01, 254 samples, rho: 90.44 %, p: 0.0000, L2: 7905.65, RL2:    85.07
24-11-02 21:28:43 | Rho: 90.44 %
24-11-02 21:28:43 | Rho (overall): 90.44 %
24-11-02 21:28:44 | ------------| Task 02 |-------------
24-11-02 21:28:48 | Evaluate T02,  20 samples, rho: 45.81 %, p: 0.0422, L2: 3013.58, RL2:   142.42
