25-05-10 13:28:48 | New ./outputs/ubuntu-fscl/class-mtl/fewshot_from_scratch/logs/train-20250510-132848.log.
25-05-10 13:28:48 | Save ./outputs/ubuntu-fscl/class-mtl/fewshot_from_scratch/configs/train.yaml.
25-05-10 13:28:48 | Args: 
{'alpha': 1,
 'base_pretrain': False,
 'base_pretrain_model_path': 'weights/class-mtl05.pth',
 'base_pretrain_non_default': True,
 'batch_num': 1,
 'batch_size': 5,
 'batch_size_non_default': True,
 'beta': 1,
 'buffer_size': 50,
 'buffer_size_non_default': True,
 'config': './configs/mtl_ubuntu.yaml',
 'config_non_default': True,
 'dataset': 'class-mtl',
 'dataset_args': {'data_root': '/mnt/Data/AQA/Sequence/MTL-AQA/new',
                  'frame_length': 103,
                  'label_path': '/mnt/Data/AQA/Sequence/MTL-AQA/info/final_annotations_dict_with_dive_number.pkl',
                  'temporal_shift': [-3, 3],
                  'test_split': '/mnt/Data/AQA/Sequence/MTL-AQA/info/test_split_0.pkl',
                  'train_split': '/mnt/Data/AQA/Sequence/MTL-AQA/info/train_split_0.pkl',
                  'usingDD': False},
 'dataset_non_default': True,
 'debug_mode': False,
 'disable_log': False,
 'e_lambda': 1,
 'exp_dir': './outputs/ubuntu-fscl/class-mtl/fewshot_from_scratch',
 'exp_name': 'fewshot_from_scratch',
 'exp_name_non_default': True,
 'feature_extractor': 'backbone.I3D_backbone.I3D_backbone',
 'feature_extractor_args': {'I3D_ckpt_path': './weights/model_rgb.pth',
                            'I3D_class': 400},
 'fewshot': True,
 'fewshot_non_default': True,
 'gamma': 1,
 'gpus': [0, 1],
 'gpus_non_default': True,
 'ignore_other_metrics': False,
 'local_rank': 0,
 'log_dir': './outputs/ubuntu-fscl/class-mtl/fewshot_from_scratch/logs',
 'log_file': './outputs/ubuntu-fscl/class-mtl/fewshot_from_scratch/logs/train-20250510-132848.log',
 'logging': <Logger MAGR-github (INFO)>,
 'lr': 0.0001,
 'minibatch_size': 3,
 'minibatch_size_non_default': True,
 'model': 'fea_gr',
 'model_non_default': True,
 'n_epochs': 50,
 'n_epochs_non_default': True,
 'n_tasks': 5,
 'n_tasks_non_default': True,
 'noise_level': 10,
 'non_verbose': False,
 'num_samples_per_task': 20,
 'num_workers': 16,
 'optim_mom': 0.0,
 'optim_nesterov': 0,
 'optim_wd': 0.0,
 'output_device': device(type='cuda', index=0),
 'phase': 'train',
 'pretrain': False,
 'proj_name': 'MAGR-github',
 'projector': 'backbone.Projector.Projector',
 'projector_args': {'in_channels': 1024},
 'regressor': 'backbone.DAE.DAE',
 'regressor_args': {'in_channels': 1024, 'out_channels': 1},
 'seed': 1024,
 'timestamp': '20250510-132848',
 'user': 'ubuntu',
 'validation': False,
 'weight_decay': 1e-05,
 'weight_path': None,
 'weight_save_path': './outputs/ubuntu-fscl/class-mtl/fewshot_from_scratch/weights/weight.pth'}
25-05-10 13:28:48 | Initialize seed with 1024
25-05-10 13:28:48 | Load dataset: class-mtl (class-il)
25-05-10 13:28:48 | Load model: fea_gr (12,287,264 + 295,554)
25-05-10 13:29:13 | Evaluate T01, 254 samples, rho:  1.64 %, p: 0.7949, L2: 4728.27, RL2:    50.88
25-05-10 13:29:18 | Evaluate T02,  20 samples, rho: -0.15 %, p: 0.9950, L2: 1372.40, RL2:    64.86
25-05-10 13:29:18 |       T01-02, 274 samples, rho:  1.49 %, p: 0.8066, L2: 4483.32, RL2:    41.06
25-05-10 13:29:25 | Evaluate T03,  20 samples, rho: 10.68 %, p: 0.6539, L2: 3317.35, RL2:  3008.93
25-05-10 13:29:25 |       T01-03, 294 samples, rho:  2.44 %, p: 0.6770, L2: 4404.00, RL2:    40.33
25-05-10 13:29:31 | Evaluate T04,  20 samples, rho: -4.86 %, p: 0.8389, L2: 4806.65, RL2: 11735.00
25-05-10 13:29:31 |       T01-04, 314 samples, rho:  2.89 %, p: 0.6101, L2: 4429.65, RL2:    40.56
25-05-10 13:29:38 | Evaluate T05,  20 samples, rho: 30.19 %, p: 0.1958, L2: 5721.23, RL2: 19620.14
25-05-10 13:29:38 |       T01-05, 334 samples, rho:  2.65 %, p: 0.6294, L2: 4506.99, RL2:    41.27
25-05-10 13:29:44 | Evaluate T06,  20 samples, rho: -7.10 %, p: 0.7660, L2: 7258.70, RL2:  8669.95
25-05-10 13:29:44 |       T01-06, 354 samples, rho:  2.82 %, p: 0.5971, L2: 4662.45, RL2:    42.70
25-05-10 13:29:44 | ------------| Task 01 |-------------
25-05-10 14:41:57 | Learning slowly ...
25-05-10 14:41:57 | Current task 1 - select 10 samples
25-05-10 14:44:24 | Task 1 has 10 samples in the buffer.
25-05-10 14:44:46 | Evaluate T01, 254 samples, rho: 92.29 %, p: 0.0000, L2:   49.80, RL2:     0.54
25-05-10 14:44:46 | Rho: 92.29 %
25-05-10 14:44:46 | Rho (overall): 92.29 %
25-05-10 14:44:47 | ------------| Task 02 |-------------
25-05-10 14:44:52 | Evaluate T02,  20 samples, rho: 31.82 %, p: 0.1716, L2:  149.97, RL2:     7.09
25-05-10 14:51:02 | Current task 2 - select 10 samples
25-05-10 14:51:14 | Task 1 has 10 samples in the buffer.
25-05-10 14:51:14 | Task 2 has 10 samples in the buffer.
25-05-10 14:51:37 | Evaluate T01, 254 samples, rho: 91.61 %, p: 0.0000, L2:  204.49, RL2:     2.20
25-05-10 14:51:43 | Evaluate T02,  20 samples, rho: -0.08 %, p: 0.9975, L2:  127.27, RL2:     6.01
25-05-10 14:51:43 |       T01-02, 274 samples, rho: 91.80 %, p: 0.0000, L2:  198.85, RL2:     1.82
25-05-10 14:51:43 | Rho: 45.77 %
25-05-10 14:51:43 | Rho (overall): 91.80 %
25-05-10 14:51:43 | ------------| Task 03 |-------------
25-05-10 14:51:50 | Evaluate T03,  20 samples, rho:  5.34 %, p: 0.8230, L2:  107.34, RL2:    97.36
25-05-10 14:58:03 | Current task 3 - select 10 samples
25-05-10 14:58:16 | Task 1 has 10 samples in the buffer.
25-05-10 14:58:16 | Task 2 has 10 samples in the buffer.
25-05-10 14:58:16 | Task 3 has 10 samples in the buffer.
25-05-10 14:58:39 | Evaluate T01, 254 samples, rho: 90.41 %, p: 0.0000, L2:   86.92, RL2:     0.94
25-05-10 14:58:44 | Evaluate T02,  20 samples, rho: 13.09 %, p: 0.5823, L2:  252.54, RL2:    11.93
25-05-10 14:58:44 |       T01-02, 274 samples, rho: 90.70 %, p: 0.0000, L2:   99.01, RL2:     0.91
25-05-10 14:58:51 | Evaluate T03,  20 samples, rho: -3.84 %, p: 0.8724, L2:   32.50, RL2:    29.48
25-05-10 14:58:51 |       T01-03, 294 samples, rho: 90.00 %, p: 0.0000, L2:   94.48, RL2:     0.87
25-05-10 14:58:51 | Rho: 33.22 %
25-05-10 14:58:51 | Rho (overall): 90.00 %
25-05-10 14:58:51 | ------------| Task 04 |-------------
25-05-10 14:58:57 | Evaluate T04,  20 samples, rho: 34.07 %, p: 0.1416, L2:   41.08, RL2:   100.29
25-05-10 15:05:57 | Current task 4 - select 10 samples
25-05-10 15:06:11 | Task 1 has 10 samples in the buffer.
25-05-10 15:06:11 | Task 2 has 10 samples in the buffer.
25-05-10 15:06:11 | Task 3 has 10 samples in the buffer.
25-05-10 15:06:11 | Task 4 has 10 samples in the buffer.
25-05-10 15:06:34 | Evaluate T01, 254 samples, rho: 90.22 %, p: 0.0000, L2:   77.21, RL2:     0.83
25-05-10 15:06:40 | Evaluate T02,  20 samples, rho: 26.63 %, p: 0.2565, L2:  292.70, RL2:    13.83
25-05-10 15:06:40 |       T01-02, 274 samples, rho: 90.72 %, p: 0.0000, L2:   92.94, RL2:     0.85
25-05-10 15:06:46 | Evaluate T03,  20 samples, rho: -4.44 %, p: 0.8526, L2:   46.17, RL2:    41.88
25-05-10 15:06:46 |       T01-03, 294 samples, rho: 90.03 %, p: 0.0000, L2:   89.76, RL2:     0.82
25-05-10 15:06:53 | Evaluate T04,  20 samples, rho: 30.05 %, p: 0.1980, L2:   21.19, RL2:    51.74
25-05-10 15:06:53 |       T01-04, 314 samples, rho: 89.66 %, p: 0.0000, L2:   85.39, RL2:     0.78
25-05-10 15:06:53 | Rho: 35.61 %
25-05-10 15:06:53 | Rho (overall): 89.66 %
25-05-10 15:06:53 | ------------| Task 05 |-------------
25-05-10 15:07:00 | Evaluate T05,  20 samples, rho:  1.06 %, p: 0.9647, L2:   73.19, RL2:   251.01
25-05-10 15:13:55 | Current task 5 - select 10 samples
25-05-10 15:14:09 | Task 1 has 10 samples in the buffer.
25-05-10 15:14:09 | Task 2 has 10 samples in the buffer.
25-05-10 15:14:09 | Task 3 has 10 samples in the buffer.
25-05-10 15:14:09 | Task 4 has 10 samples in the buffer.
25-05-10 15:14:09 | Task 5 has 10 samples in the buffer.
25-05-10 15:14:32 | Evaluate T01, 254 samples, rho: 90.96 %, p: 0.0000, L2:   81.13, RL2:     0.87
25-05-10 15:14:40 | Evaluate T02,  20 samples, rho: 28.28 %, p: 0.2270, L2:  335.99, RL2:    15.88
25-05-10 15:14:40 |       T01-02, 274 samples, rho: 91.57 %, p: 0.0000, L2:   99.73, RL2:     0.91
25-05-10 15:14:46 | Evaluate T03,  20 samples, rho: 15.05 %, p: 0.5265, L2:   62.42, RL2:    56.61
25-05-10 15:14:46 |       T01-03, 294 samples, rho: 91.39 %, p: 0.0000, L2:   97.20, RL2:     0.89
25-05-10 15:14:53 | Evaluate T04,  20 samples, rho: 30.65 %, p: 0.1887, L2:   20.42, RL2:    49.86
25-05-10 15:14:53 |       T01-04, 314 samples, rho: 90.85 %, p: 0.0000, L2:   92.30, RL2:     0.85
25-05-10 15:14:59 | Evaluate T05,  20 samples, rho:  7.09 %, p: 0.7663, L2:   46.43, RL2:   159.21
25-05-10 15:14:59 |       T01-05, 334 samples, rho: 89.70 %, p: 0.0000, L2:   89.56, RL2:     0.82
25-05-10 15:15:00 | Rho: 34.41 %
25-05-10 15:15:00 | Rho (overall): 89.70 %
25-05-10 15:15:00 | ------------| Task 06 |-------------
25-05-10 15:15:07 | Evaluate T06,  20 samples, rho: 27.13 %, p: 0.2473, L2:   33.45, RL2:    39.95
25-05-10 15:21:57 | Evaluate T01, 254 samples, rho: 91.06 %, p: 0.0000, L2:  110.84, RL2:     1.19
25-05-10 15:22:03 | Evaluate T02,  20 samples, rho: 28.36 %, p: 0.2257, L2:  429.36, RL2:    20.29
25-05-10 15:22:03 |       T01-02, 274 samples, rho: 91.68 %, p: 0.0000, L2:  134.09, RL2:     1.23
25-05-10 15:22:10 | Evaluate T03,  20 samples, rho: 39.13 %, p: 0.0880, L2:  111.24, RL2:   100.90
25-05-10 15:22:10 |       T01-03, 294 samples, rho: 91.83 %, p: 0.0000, L2:  132.54, RL2:     1.21
25-05-10 15:22:16 | Evaluate T04,  20 samples, rho: 34.30 %, p: 0.1388, L2:   54.13, RL2:   132.14
25-05-10 15:22:16 |       T01-04, 314 samples, rho: 91.20 %, p: 0.0000, L2:  127.54, RL2:     1.17
25-05-10 15:22:23 | Evaluate T05,  20 samples, rho:  6.49 %, p: 0.7857, L2:   42.22, RL2:   144.77
25-05-10 15:22:23 |       T01-05, 334 samples, rho: 89.89 %, p: 0.0000, L2:  122.43, RL2:     1.12
25-05-10 15:22:29 | Evaluate T06,  20 samples, rho: 30.83 %, p: 0.1860, L2:   23.32, RL2:    27.85
25-05-10 15:22:29 |       T01-06, 354 samples, rho: 90.42 %, p: 0.0000, L2:  116.83, RL2:     1.07
25-05-10 15:22:30 | Rho: 38.36 %
25-05-10 15:22:30 | Rho (overall): 90.42 %
25-05-10 15:22:30 | Results: 
{'accs': [92.28848238857327,
          45.7687106964252,
          33.22101089585706,
          35.613546181444384,
          34.407380256636046,
          38.3595258162338],
 'accs_mask_classes': [0.0, 0.0, 0.0, 0.0, 0.0, 0.0],
 'bwt': 14.762495814337125,
 'bwt_mask_classes': 0.0,
 'forgetting': 1.0585794088154366,
 'forgetting_mask_classes': 0.0,
 'fullaccs': [[92.28848238857327],
              [91.61263764487887, -0.07521625202847347],
              [90.41287770425164, 13.08762785295438, -3.837472869634838],
              [90.22029198658717,
               26.626553218079607,
               -4.43942939820501,
               30.04676891931577],
              [90.95851281951369,
               28.281310762706024,
               15.048913214254267,
               30.653774352029217,
               7.0943901346770435],
              [91.05931082160816,
               28.356527014734496,
               39.127174357061094,
               34.29580694830992,
               6.490612250874742,
               30.827723504814415]],
 'fullaccs_mask_classes': [[0.0],
                           [0.0, -0.0],
                           [0.0, 0.0, -0.0],
                           [0.0, 0.0, -0.0, 0.0],
                           [0.0, 0.0, 0.0, 0.0, 0.0],
                           [0.0, 0.0, 0.0, 0.0, 0.0, 0.0]],
 'fwt': 14.128864693635057,
 'fwt_mask_classes': 0.0}
